[2021-04-21 04:16:28Z INFO HostContext] No proxy settings were found based on environmental variables (http_proxy/https_proxy/HTTP_PROXY/HTTPS_PROXY)
[2021-04-21 04:16:28Z INFO HostContext] Well known directory 'Bin': '/Users/ryota/Desktop/Programming/Studying/Doing/GH_actions/react-gh-actions/actions-runner/bin'
[2021-04-21 04:16:28Z INFO HostContext] Well known directory 'Root': '/Users/ryota/Desktop/Programming/Studying/Doing/GH_actions/react-gh-actions/actions-runner'
[2021-04-21 04:16:28Z INFO HostContext] Well known config file 'Credentials': '/Users/ryota/Desktop/Programming/Studying/Doing/GH_actions/react-gh-actions/actions-runner/.credentials'
[2021-04-21 04:16:29Z INFO Listener] Runner is built for OSX (X64) - osx-x64.
[2021-04-21 04:16:29Z INFO Listener] RuntimeInformation: Darwin 19.6.0 Darwin Kernel Version 19.6.0: Tue Nov 10 00:10:30 PST 2020; root:xnu-6153.141.10~1/RELEASE_X86_64.
[2021-04-21 04:16:29Z INFO Listener] Version: 2.277.1
[2021-04-21 04:16:29Z INFO Listener] Commit: 183a3dd9a0d4d51feddc5fe9fa6c3b5f8b08343d
[2021-04-21 04:16:29Z INFO Listener] Culture: ja-JP
[2021-04-21 04:16:29Z INFO Listener] UI Culture: ja-JP
[2021-04-21 04:16:29Z INFO HostContext] Well known directory 'Bin': '/Users/ryota/Desktop/Programming/Studying/Doing/GH_actions/react-gh-actions/actions-runner/bin'
[2021-04-21 04:16:29Z INFO HostContext] Well known directory 'Root': '/Users/ryota/Desktop/Programming/Studying/Doing/GH_actions/react-gh-actions/actions-runner'
[2021-04-21 04:16:29Z INFO Listener] Validating directory permissions for: '/Users/ryota/Desktop/Programming/Studying/Doing/GH_actions/react-gh-actions/actions-runner'
[2021-04-21 04:16:29Z INFO CommandLineParser] Parse
[2021-04-21 04:16:29Z INFO CommandLineParser] Parsing 1 args
[2021-04-21 04:16:29Z INFO CommandLineParser] parsing argument
[2021-04-21 04:16:29Z INFO CommandLineParser] HasArgs: False
[2021-04-21 04:16:29Z INFO CommandLineParser] Adding Command: run
[2021-04-21 04:16:29Z INFO Listener] Arguments parsed
[2021-04-21 04:16:29Z INFO Runner] ExecuteCommand
[2021-04-21 04:16:29Z INFO ConfigurationStore] currentAssemblyLocation: /Users/ryota/Desktop/Programming/Studying/Doing/GH_actions/react-gh-actions/actions-runner/bin/Runner.Listener.dll
[2021-04-21 04:16:29Z INFO HostContext] Well known directory 'Bin': '/Users/ryota/Desktop/Programming/Studying/Doing/GH_actions/react-gh-actions/actions-runner/bin'
[2021-04-21 04:16:29Z INFO ConfigurationStore] binPath: /Users/ryota/Desktop/Programming/Studying/Doing/GH_actions/react-gh-actions/actions-runner/bin
[2021-04-21 04:16:29Z INFO HostContext] Well known directory 'Bin': '/Users/ryota/Desktop/Programming/Studying/Doing/GH_actions/react-gh-actions/actions-runner/bin'
[2021-04-21 04:16:29Z INFO HostContext] Well known directory 'Root': '/Users/ryota/Desktop/Programming/Studying/Doing/GH_actions/react-gh-actions/actions-runner'
[2021-04-21 04:16:29Z INFO ConfigurationStore] RootFolder: /Users/ryota/Desktop/Programming/Studying/Doing/GH_actions/react-gh-actions/actions-runner
[2021-04-21 04:16:29Z INFO HostContext] Well known directory 'Bin': '/Users/ryota/Desktop/Programming/Studying/Doing/GH_actions/react-gh-actions/actions-runner/bin'
[2021-04-21 04:16:29Z INFO HostContext] Well known directory 'Root': '/Users/ryota/Desktop/Programming/Studying/Doing/GH_actions/react-gh-actions/actions-runner'
[2021-04-21 04:16:29Z INFO HostContext] Well known config file 'Runner': '/Users/ryota/Desktop/Programming/Studying/Doing/GH_actions/react-gh-actions/actions-runner/.runner'
[2021-04-21 04:16:29Z INFO ConfigurationStore] ConfigFilePath: /Users/ryota/Desktop/Programming/Studying/Doing/GH_actions/react-gh-actions/actions-runner/.runner
[2021-04-21 04:16:29Z INFO HostContext] Well known directory 'Bin': '/Users/ryota/Desktop/Programming/Studying/Doing/GH_actions/react-gh-actions/actions-runner/bin'
[2021-04-21 04:16:29Z INFO HostContext] Well known directory 'Root': '/Users/ryota/Desktop/Programming/Studying/Doing/GH_actions/react-gh-actions/actions-runner'
[2021-04-21 04:16:29Z INFO HostContext] Well known config file 'Credentials': '/Users/ryota/Desktop/Programming/Studying/Doing/GH_actions/react-gh-actions/actions-runner/.credentials'
[2021-04-21 04:16:29Z INFO ConfigurationStore] CredFilePath: /Users/ryota/Desktop/Programming/Studying/Doing/GH_actions/react-gh-actions/actions-runner/.credentials
[2021-04-21 04:16:29Z INFO HostContext] Well known directory 'Bin': '/Users/ryota/Desktop/Programming/Studying/Doing/GH_actions/react-gh-actions/actions-runner/bin'
[2021-04-21 04:16:29Z INFO HostContext] Well known directory 'Root': '/Users/ryota/Desktop/Programming/Studying/Doing/GH_actions/react-gh-actions/actions-runner'
[2021-04-21 04:16:29Z INFO HostContext] Well known config file 'MigratedCredentials': '/Users/ryota/Desktop/Programming/Studying/Doing/GH_actions/react-gh-actions/actions-runner/.credentials_migrated'
[2021-04-21 04:16:29Z INFO ConfigurationStore] MigratedCredFilePath: /Users/ryota/Desktop/Programming/Studying/Doing/GH_actions/react-gh-actions/actions-runner/.credentials_migrated
[2021-04-21 04:16:29Z INFO HostContext] Well known directory 'Bin': '/Users/ryota/Desktop/Programming/Studying/Doing/GH_actions/react-gh-actions/actions-runner/bin'
[2021-04-21 04:16:29Z INFO HostContext] Well known directory 'Root': '/Users/ryota/Desktop/Programming/Studying/Doing/GH_actions/react-gh-actions/actions-runner'
[2021-04-21 04:16:29Z INFO HostContext] Well known config file 'Service': '/Users/ryota/Desktop/Programming/Studying/Doing/GH_actions/react-gh-actions/actions-runner/.service'
[2021-04-21 04:16:29Z INFO ConfigurationStore] ServiceConfigFilePath: /Users/ryota/Desktop/Programming/Studying/Doing/GH_actions/react-gh-actions/actions-runner/.service
[2021-04-21 04:16:29Z INFO CommandSettings] Flag 'help': 'False'
[2021-04-21 04:16:29Z INFO CommandSettings] Flag 'version': 'False'
[2021-04-21 04:16:29Z INFO CommandSettings] Flag 'commit': 'False'
[2021-04-21 04:16:29Z INFO CommandSettings] Flag 'check': 'False'
[2021-04-21 04:16:29Z INFO CommandSettings] Command 'configure': 'False'
[2021-04-21 04:16:29Z INFO CommandSettings] Command 'remove': 'False'
[2021-04-21 04:16:29Z INFO CommandSettings] Command 'warmup': 'False'
[2021-04-21 04:16:29Z INFO ConfigurationManager] LoadSettings
[2021-04-21 04:16:29Z INFO ConfigurationStore] IsConfigured()
[2021-04-21 04:16:29Z INFO ConfigurationStore] IsConfigured: True
[2021-04-21 04:16:29Z INFO ConfigurationManager] Is configured: True
[2021-04-21 04:16:29Z INFO ConfigurationStore] Read setting file: 295 chars
[2021-04-21 04:16:29Z INFO ConfigurationManager] Settings Loaded
[2021-04-21 04:16:29Z INFO ConfigurationStore] IsServiceConfigured()
[2021-04-21 04:16:29Z INFO ConfigurationStore] IsServiceConfigured: False
[2021-04-21 04:16:29Z INFO CommandSettings] Command 'run': 'True'
[2021-04-21 04:16:29Z INFO ConfigurationStore] IsConfigured()
[2021-04-21 04:16:29Z INFO ConfigurationStore] IsConfigured: True
[2021-04-21 04:16:29Z INFO ConfigurationManager] Is configured: True
[2021-04-21 04:16:29Z INFO Runner] Could not parse the argument value '' for StartupType. Defaulting to Manual
[2021-04-21 04:16:29Z INFO Runner] Set runner startup type - Manual
[2021-04-21 04:16:29Z INFO CommandSettings] Flag 'once': 'False'
[2021-04-21 04:16:29Z INFO Runner] RunAsync
[2021-04-21 04:16:29Z INFO ConfigurationManager] LoadSettings
[2021-04-21 04:16:29Z INFO ConfigurationStore] IsConfigured()
[2021-04-21 04:16:29Z INFO ConfigurationStore] IsConfigured: True
[2021-04-21 04:16:29Z INFO ConfigurationManager] Is configured: True
[2021-04-21 04:16:29Z INFO ConfigurationManager] Settings Loaded
[2021-04-21 04:16:29Z INFO MessageListener] {
  "AgentId": 2,
  "AgentName": "react-app",
  "PoolId": 1,
  "PoolName": "Default",
  "ServerUrl": "https://pipelines.actions.githubusercontent.com/QV5mOIuB6FtFK4EVj0CiiO1vFwYDL3ghR1DKa50dqkUFbGERh3",
  "GitHubUrl": "https://github.com/sobaotto/react-gh-actions",
  "WorkFolder": "react-app"
}
[2021-04-21 04:16:29Z INFO MessageListener] Loading Credentials
[2021-04-21 04:16:29Z INFO ConfigurationStore] HasCredentials()
[2021-04-21 04:16:29Z INFO ConfigurationStore] stored True
[2021-04-21 04:16:29Z INFO CredentialManager] GetCredentialProvider
[2021-04-21 04:16:29Z INFO CredentialManager] Creating type OAuth
[2021-04-21 04:16:29Z INFO CredentialManager] Creating credential type: OAuth
[2021-04-21 04:16:29Z INFO HostContext] Well known directory 'Bin': '/Users/ryota/Desktop/Programming/Studying/Doing/GH_actions/react-gh-actions/actions-runner/bin'
[2021-04-21 04:16:29Z INFO HostContext] Well known directory 'Root': '/Users/ryota/Desktop/Programming/Studying/Doing/GH_actions/react-gh-actions/actions-runner'
[2021-04-21 04:16:29Z INFO HostContext] Well known config file 'RSACredentials': '/Users/ryota/Desktop/Programming/Studying/Doing/GH_actions/react-gh-actions/actions-runner/.credentials_rsaparams'
[2021-04-21 04:16:29Z INFO RSAFileKeyManager] Loading RSA key parameters from file /Users/ryota/Desktop/Programming/Studying/Doing/GH_actions/react-gh-actions/actions-runner/.credentials_rsaparams
[2021-04-21 04:16:29Z INFO MessageListener] Attempt to create session.
[2021-04-21 04:16:29Z INFO MessageListener] Connecting to the Runner Server...
[2021-04-21 04:16:29Z INFO RunnerServer] Establish connection with 100 seconds timeout.
[2021-04-21 04:16:29Z INFO GitHubActionsService] Starting operation Location.GetConnectionData
[2021-04-21 04:16:30Z INFO RunnerServer] Establish connection with 60 seconds timeout.
[2021-04-21 04:16:30Z INFO GitHubActionsService] Starting operation Location.GetConnectionData
[2021-04-21 04:16:30Z INFO RunnerServer] Establish connection with 60 seconds timeout.
[2021-04-21 04:16:30Z INFO GitHubActionsService] Starting operation Location.GetConnectionData
[2021-04-21 04:16:31Z INFO GitHubActionsService] Finished operation Location.GetConnectionData
[2021-04-21 04:16:31Z INFO GitHubActionsService] Finished operation Location.GetConnectionData
[2021-04-21 04:16:31Z INFO GitHubActionsService] Finished operation Location.GetConnectionData
[2021-04-21 04:16:31Z INFO MessageListener] VssConnection created
[2021-04-21 04:16:31Z INFO Terminal] WRITE LINE: 
[2021-04-21 04:16:31Z INFO Terminal] WRITE LINE: 
[2021-04-21 04:16:32Z WARN GitHubActionsService] Authentication failed with status code 401.
WWW-Authenticate: Bearer
Strict-Transport-Security: max-age=2592000
X-TFS-ProcessId: 02f9e813-b30a-407e-92f1-f1215a1fa030
ActivityId: 75501ac1-273c-49d0-9b8e-83388dafbe85
X-TFS-Session: 943c59d8-1a84-4930-9455-b0ad5d3e9749
X-VSS-E2EID: ef7f1a7c-1c9c-4d3b-a432-73d86c603b7d
X-VSS-SenderDeploymentId: 2c974d96-2c30-cef5-eff2-3e0511a903a5
X-TFS-ServiceError: The+user+%27System%3aPublicAccess%3baaaaaaaa-aaaa-aaaa-aaaa-aaaaaaaaaaaa%27+is+not+authorized+to+access+this+resource.
X-VSS-S2STargetService: 0000005A-0000-8888-8000-000000000000/visualstudio.com
X-MSEdge-Ref: Ref A: 0EE93141311D459CABE87695C7027383 Ref B: TYBEDGE0316 Ref C: 2021-04-21T04:16:32Z
Date: Wed, 21 Apr 2021 04:16:32 GMT

[2021-04-21 04:16:32Z INFO RSAFileKeyManager] Loading RSA key parameters from file /Users/ryota/Desktop/Programming/Studying/Doing/GH_actions/react-gh-actions/actions-runner/.credentials_rsaparams
[2021-04-21 04:16:32Z INFO RSAFileKeyManager] Loading RSA key parameters from file /Users/ryota/Desktop/Programming/Studying/Doing/GH_actions/react-gh-actions/actions-runner/.credentials_rsaparams
[2021-04-21 04:16:32Z INFO GitHubActionsService] AAD Correlation ID for this token request: Unknown
[2021-04-21 04:16:33Z INFO MessageListener] Session created.
[2021-04-21 04:16:33Z INFO Terminal] WRITE LINE: 2021-04-21 04:16:33Z: Listening for Jobs
[2021-04-21 04:16:33Z INFO JobDispatcher] Set runner/worker IPC timeout to 30 seconds.
[2021-04-21 04:17:59Z INFO RSAFileKeyManager] Loading RSA key parameters from file /Users/ryota/Desktop/Programming/Studying/Doing/GH_actions/react-gh-actions/actions-runner/.credentials_rsaparams
[2021-04-21 04:17:59Z INFO MessageListener] Message '1' received from session '8255eac7-16fd-4c2a-983f-72c5b93f60ad'.
[2021-04-21 04:17:59Z INFO JobDispatcher] Job request 1 for plan 64ebbb21-b271-4b3d-8052-1351bc92b332 job a9a345e6-1106-5aaa-6fe5-f842db892828 received.
[2021-04-21 04:17:59Z INFO JobDispatcher] Pull OrchestrationId 64ebbb21-b271-4b3d-8052-1351bc92b332.build._12_x from JWT claims
[2021-04-21 04:17:59Z INFO Terminal] WRITE LINE: 2021-04-21 04:17:59Z: Running job: build (12.x)
[2021-04-21 04:17:59Z INFO JobDispatcher] Start renew job request 1 for job a9a345e6-1106-5aaa-6fe5-f842db892828.
[2021-04-21 04:18:00Z INFO JobDispatcher] Successfully renew job request 1, job is valid till 2021/04/21 4:27:59
[2021-04-21 04:18:00Z INFO HostContext] Well known directory 'Bin': '/Users/ryota/Desktop/Programming/Studying/Doing/GH_actions/react-gh-actions/actions-runner/bin'
[2021-04-21 04:18:00Z INFO ProcessInvokerWrapper] Starting process:
[2021-04-21 04:18:00Z INFO ProcessInvokerWrapper]   File name: '/Users/ryota/Desktop/Programming/Studying/Doing/GH_actions/react-gh-actions/actions-runner/bin/Runner.Worker'
[2021-04-21 04:18:00Z INFO ProcessInvokerWrapper]   Arguments: 'spawnclient 103 106'
[2021-04-21 04:18:00Z INFO ProcessInvokerWrapper]   Working directory: '/Users/ryota/Desktop/Programming/Studying/Doing/GH_actions/react-gh-actions/actions-runner/bin'
[2021-04-21 04:18:00Z INFO ProcessInvokerWrapper]   Require exit code zero: 'False'
[2021-04-21 04:18:00Z INFO ProcessInvokerWrapper]   Encoding web name:  ; code page: ''
[2021-04-21 04:18:00Z INFO ProcessInvokerWrapper]   Force kill process on cancellation: 'True'
[2021-04-21 04:18:00Z INFO ProcessInvokerWrapper]   Redirected STDIN: 'False'
[2021-04-21 04:18:00Z INFO ProcessInvokerWrapper]   Persist current code page: 'False'
[2021-04-21 04:18:00Z INFO ProcessInvokerWrapper]   Keep redirected STDIN open: 'False'
[2021-04-21 04:18:00Z INFO ProcessInvokerWrapper]   High priority process: 'True'
[2021-04-21 04:18:00Z INFO ProcessInvokerWrapper] Process started with process id 41162, waiting for process exit.
[2021-04-21 04:18:00Z INFO JobDispatcher] Send job request message to worker for job a9a345e6-1106-5aaa-6fe5-f842db892828.
[2021-04-21 04:18:00Z INFO JobNotification] Entering JobStarted Notification
[2021-04-21 04:18:00Z INFO JobNotification] Entering StartMonitor
[2021-04-21 04:19:01Z INFO JobDispatcher] Successfully renew job request 1, job is valid till 2021/04/21 4:29:01
[2021-04-21 04:20:01Z INFO JobDispatcher] Successfully renew job request 1, job is valid till 2021/04/21 4:30:01
[2021-04-21 04:21:02Z INFO JobDispatcher] Successfully renew job request 1, job is valid till 2021/04/21 4:31:01
[2021-04-21 04:21:05Z INFO ProcessInvokerWrapper] STDOUT/STDERR stream read finished.
[2021-04-21 04:21:05Z INFO ProcessInvokerWrapper] STDOUT/STDERR stream read finished.
[2021-04-21 04:21:05Z INFO ProcessInvokerWrapper] Finished process 41162 with exit code 100, and elapsed time 00:03:04.4063995.
[2021-04-21 04:21:05Z INFO JobDispatcher] Worker finished for job a9a345e6-1106-5aaa-6fe5-f842db892828. Code: 100
[2021-04-21 04:21:05Z INFO JobDispatcher] finish job request for job a9a345e6-1106-5aaa-6fe5-f842db892828 with result: Succeeded
[2021-04-21 04:21:05Z INFO Terminal] WRITE LINE: 2021-04-21 04:21:05Z: Job build (12.x) completed with result: Succeeded
[2021-04-21 04:21:05Z INFO JobDispatcher] Stop renew job request for job a9a345e6-1106-5aaa-6fe5-f842db892828.
[2021-04-21 04:21:05Z INFO JobDispatcher] job renew has been canceled, stop renew job request 1.
[2021-04-21 04:21:05Z INFO JobNotification] Entering JobCompleted Notification
[2021-04-21 04:21:05Z INFO JobNotification] Entering EndMonitor
[2021-04-21 04:48:15Z INFO MessageListener] No message retrieved from session '8255eac7-16fd-4c2a-983f-72c5b93f60ad' within last 30 minutes.
[2021-04-21 05:06:20Z INFO Terminal] WRITE LINE: Exiting...
[2021-04-21 05:06:20Z INFO ConfigurationStore] IsServiceConfigured()
[2021-04-21 05:06:20Z INFO ConfigurationStore] IsServiceConfigured: False
[2021-04-21 05:06:20Z INFO HostContext] Runner will be shutdown for UserCancelled
[2021-04-21 05:06:20Z WARN GitHubActionsService] GET request to https://pipelines.actions.githubusercontent.com/QV5mOIuB6FtFK4EVj0CiiO1vFwYDL3ghR1DKa50dqkUFbGERh3/_apis/distributedtask/pools/1/messages?sessionId=8255eac7-16fd-4c2a-983f-72c5b93f60ad&lastMessageId=1 has been cancelled.
[2021-04-21 05:06:20Z INFO MessageListener] Get next message has been cancelled.
[2021-04-21 05:06:20Z INFO JobDispatcher] Shutting down JobDispatcher. Make sure all WorkerDispatcher has finished.
[2021-04-21 05:06:20Z INFO JobDispatcher] Ensure WorkerDispather for job a9a345e6-1106-5aaa-6fe5-f842db892828 run to finish, cancel any running job.
[2021-04-21 05:06:20Z INFO JobDispatcher] Job request a9a345e6-1106-5aaa-6fe5-f842db892828 processed succeed.
[2021-04-21 05:06:21Z INFO Terminal] WRITE LINE: Exiting...
[2021-04-21 05:06:21Z INFO ConfigurationStore] IsServiceConfigured()
[2021-04-21 05:06:21Z INFO ConfigurationStore] IsServiceConfigured: False
[2021-04-21 05:06:21Z INFO HostContext] Runner will be shutdown for UserCancelled
[2021-04-21 05:06:22Z INFO Terminal] WRITE LINE: Exiting...
[2021-04-21 05:06:22Z INFO ConfigurationStore] IsServiceConfigured()
[2021-04-21 05:06:22Z INFO ConfigurationStore] IsServiceConfigured: False
[2021-04-21 05:06:22Z INFO HostContext] Runner will be shutdown for UserCancelled
[2021-04-21 05:06:22Z INFO Listener] Runner execution been cancelled.
